<?xml version="1.0" encoding="UTF-8"?>
<testng-results skipped="0" failed="0" total="108" passed="108">
  <reporter-output>
  </reporter-output>
  <suite name="Unit Test Suite" duration-ms="602" started-at="2014-11-05T16:31:01Z" finished-at="2014-11-05T16:31:02Z">
    <groups>
    </groups>
    <test name="JiBX Bindings Tests" duration-ms="602" started-at="2014-11-05T16:31:01Z" finished-at="2014-11-05T16:31:02Z">
      <class name="org.dellroad.jibxbindings.pidf.held.LocationResponseTest">
        <test-method status="PASS" signature="setupLogging(java.lang.String, java.lang.String)[pri:0, instance:org.dellroad.jibxbindings.pidf.held.LocationResponseTest@4b6f1c33]" name="setupLogging" is-config="true" duration-ms="0" started-at="2014-11-05T10:31:01Z" finished-at="2014-11-05T10:31:01Z">
          <params>
            <param index="0">
              <value>
                <![CDATA[INFO]]>
              </value>
            </param>
            <param index="1">
              <value>
                <![CDATA[%-5p [%t]: %m%n]]>
              </value>
            </param>
          </params>
          <reporter-output>
          </reporter-output>
        </test-method> <!-- setupLogging -->
        <test-method status="PASS" signature="seedRandom(java.lang.String)[pri:0, instance:org.dellroad.jibxbindings.pidf.held.LocationResponseTest@4b6f1c33]" name="seedRandom" is-config="true" duration-ms="0" started-at="2014-11-05T10:31:01Z" finished-at="2014-11-05T10:31:01Z">
          <params>
            <param index="0">
              <value>
                <![CDATA[]]>
              </value>
            </param>
          </params>
          <reporter-output>
          </reporter-output>
        </test-method> <!-- seedRandom -->
        <test-method status="PASS" signature="testValid(java.net.URL)[pri:0, instance:org.dellroad.jibxbindings.pidf.held.LocationResponseTest@4b6f1c33]" name="testValid" duration-ms="8" started-at="2014-11-05T10:31:01Z" data-provider="validCases" finished-at="2014-11-05T10:31:01Z">
          <params>
            <param index="0">
              <value>
                <![CDATA[file:/Users/archie/proj/jibx-bindings/trunk/build/test/org/dellroad/jibxbindings/pidf/held/locationResponse-valid-0.xml]]>
              </value>
            </param>
          </params>
          <reporter-output>
          </reporter-output>
        </test-method> <!-- testValid -->
        <test-method status="PASS" signature="testValid(java.net.URL)[pri:0, instance:org.dellroad.jibxbindings.pidf.held.LocationResponseTest@4b6f1c33]" name="testValid" duration-ms="2" started-at="2014-11-05T10:31:01Z" data-provider="validCases" finished-at="2014-11-05T10:31:01Z">
          <params>
            <param index="0">
              <value>
                <![CDATA[file:/Users/archie/proj/jibx-bindings/trunk/build/test/org/dellroad/jibxbindings/pidf/held/locationResponse-valid-1.xml]]>
              </value>
            </param>
          </params>
          <reporter-output>
          </reporter-output>
        </test-method> <!-- testValid -->
        <test-method status="PASS" signature="testValid(java.net.URL)[pri:0, instance:org.dellroad.jibxbindings.pidf.held.LocationResponseTest@4b6f1c33]" name="testValid" duration-ms="10" started-at="2014-11-05T10:31:01Z" data-provider="validCases" finished-at="2014-11-05T10:31:01Z">
          <params>
            <param index="0">
              <value>
                <![CDATA[file:/Users/archie/proj/jibx-bindings/trunk/build/test/org/dellroad/jibxbindings/pidf/held/locationResponse-valid-2.xml]]>
              </value>
            </param>
          </params>
          <reporter-output>
          </reporter-output>
        </test-method> <!-- testValid -->
        <test-method status="PASS" signature="testValid(java.net.URL)[pri:0, instance:org.dellroad.jibxbindings.pidf.held.LocationResponseTest@4b6f1c33]" name="testValid" duration-ms="8" started-at="2014-11-05T10:31:01Z" data-provider="validCases" finished-at="2014-11-05T10:31:01Z">
          <params>
            <param index="0">
              <value>
                <![CDATA[file:/Users/archie/proj/jibx-bindings/trunk/build/test/org/dellroad/jibxbindings/pidf/held/locationResponse-valid-3.xml]]>
              </value>
            </param>
          </params>
          <reporter-output>
          </reporter-output>
        </test-method> <!-- testValid -->
      </class> <!-- org.dellroad.jibxbindings.pidf.held.LocationResponseTest -->
      <class name="org.dellroad.jibxbindings.pidf.PIDFParseTest">
        <test-method status="PASS" signature="seedRandom(java.lang.String)[pri:0, instance:org.dellroad.jibxbindings.pidf.PIDFParseTest@711fcaf6]" name="seedRandom" is-config="true" duration-ms="0" started-at="2014-11-05T10:31:02Z" finished-at="2014-11-05T10:31:02Z">
          <params>
            <param index="0">
              <value>
                <![CDATA[]]>
              </value>
            </param>
          </params>
          <reporter-output>
          </reporter-output>
        </test-method> <!-- seedRandom -->
        <test-method status="PASS" signature="setupLogging(java.lang.String, java.lang.String)[pri:0, instance:org.dellroad.jibxbindings.pidf.PIDFParseTest@711fcaf6]" name="setupLogging" is-config="true" duration-ms="0" started-at="2014-11-05T10:31:02Z" finished-at="2014-11-05T10:31:02Z">
          <params>
            <param index="0">
              <value>
                <![CDATA[INFO]]>
              </value>
            </param>
            <param index="1">
              <value>
                <![CDATA[%-5p [%t]: %m%n]]>
              </value>
            </param>
          </params>
          <reporter-output>
          </reporter-output>
        </test-method> <!-- setupLogging -->
        <test-method status="PASS" signature="testValid(java.net.URL)[pri:0, instance:org.dellroad.jibxbindings.pidf.PIDFParseTest@711fcaf6]" name="testValid" duration-ms="3" started-at="2014-11-05T10:31:02Z" data-provider="validCases" finished-at="2014-11-05T10:31:02Z">
          <params>
            <param index="0">
              <value>
                <![CDATA[file:/Users/archie/proj/jibx-bindings/trunk/build/test/org/dellroad/jibxbindings/pidf/pidf-valid-0.xml]]>
              </value>
            </param>
          </params>
          <reporter-output>
          </reporter-output>
        </test-method> <!-- testValid -->
        <test-method status="PASS" signature="testValid(java.net.URL)[pri:0, instance:org.dellroad.jibxbindings.pidf.PIDFParseTest@711fcaf6]" name="testValid" duration-ms="3" started-at="2014-11-05T10:31:02Z" data-provider="validCases" finished-at="2014-11-05T10:31:02Z">
          <params>
            <param index="0">
              <value>
                <![CDATA[file:/Users/archie/proj/jibx-bindings/trunk/build/test/org/dellroad/jibxbindings/pidf/pidf-valid-1.xml]]>
              </value>
            </param>
          </params>
          <reporter-output>
          </reporter-output>
        </test-method> <!-- testValid -->
        <test-method status="PASS" signature="testValid(java.net.URL)[pri:0, instance:org.dellroad.jibxbindings.pidf.PIDFParseTest@711fcaf6]" name="testValid" duration-ms="5" started-at="2014-11-05T10:31:02Z" data-provider="validCases" finished-at="2014-11-05T10:31:02Z">
          <params>
            <param index="0">
              <value>
                <![CDATA[file:/Users/archie/proj/jibx-bindings/trunk/build/test/org/dellroad/jibxbindings/pidf/pidf-valid-2.xml]]>
              </value>
            </param>
          </params>
          <reporter-output>
          </reporter-output>
        </test-method> <!-- testValid -->
        <test-method status="PASS" signature="testValid(java.net.URL)[pri:0, instance:org.dellroad.jibxbindings.pidf.PIDFParseTest@711fcaf6]" name="testValid" duration-ms="4" started-at="2014-11-05T10:31:02Z" data-provider="validCases" finished-at="2014-11-05T10:31:02Z">
          <params>
            <param index="0">
              <value>
                <![CDATA[file:/Users/archie/proj/jibx-bindings/trunk/build/test/org/dellroad/jibxbindings/pidf/pidf-valid-3.xml]]>
              </value>
            </param>
          </params>
          <reporter-output>
          </reporter-output>
        </test-method> <!-- testValid -->
        <test-method status="PASS" signature="testValid(java.net.URL)[pri:0, instance:org.dellroad.jibxbindings.pidf.PIDFParseTest@711fcaf6]" name="testValid" duration-ms="5" started-at="2014-11-05T10:31:02Z" data-provider="validCases" finished-at="2014-11-05T10:31:02Z">
          <params>
            <param index="0">
              <value>
                <![CDATA[file:/Users/archie/proj/jibx-bindings/trunk/build/test/org/dellroad/jibxbindings/pidf/pidf-valid-4.xml]]>
              </value>
            </param>
          </params>
          <reporter-output>
          </reporter-output>
        </test-method> <!-- testValid -->
        <test-method status="PASS" signature="testValid(java.net.URL)[pri:0, instance:org.dellroad.jibxbindings.pidf.PIDFParseTest@711fcaf6]" name="testValid" duration-ms="2" started-at="2014-11-05T10:31:02Z" data-provider="validCases" finished-at="2014-11-05T10:31:02Z">
          <params>
            <param index="0">
              <value>
                <![CDATA[file:/Users/archie/proj/jibx-bindings/trunk/build/test/org/dellroad/jibxbindings/pidf/pidf-valid-5.xml]]>
              </value>
            </param>
          </params>
          <reporter-output>
          </reporter-output>
        </test-method> <!-- testValid -->
        <test-method status="PASS" signature="testValid(java.net.URL)[pri:0, instance:org.dellroad.jibxbindings.pidf.PIDFParseTest@711fcaf6]" name="testValid" duration-ms="4" started-at="2014-11-05T10:31:02Z" data-provider="validCases" finished-at="2014-11-05T10:31:02Z">
          <params>
            <param index="0">
              <value>
                <![CDATA[file:/Users/archie/proj/jibx-bindings/trunk/build/test/org/dellroad/jibxbindings/pidf/pidf-valid-6.xml]]>
              </value>
            </param>
          </params>
          <reporter-output>
          </reporter-output>
        </test-method> <!-- testValid -->
        <test-method status="PASS" signature="testValid(java.net.URL)[pri:0, instance:org.dellroad.jibxbindings.pidf.PIDFParseTest@711fcaf6]" name="testValid" duration-ms="12" started-at="2014-11-05T10:31:02Z" data-provider="validCases" finished-at="2014-11-05T10:31:02Z">
          <params>
            <param index="0">
              <value>
                <![CDATA[file:/Users/archie/proj/jibx-bindings/trunk/build/test/org/dellroad/jibxbindings/pidf/pidf-valid-7.xml]]>
              </value>
            </param>
          </params>
          <reporter-output>
          </reporter-output>
        </test-method> <!-- testValid -->
        <test-method status="PASS" signature="testValid(java.net.URL)[pri:0, instance:org.dellroad.jibxbindings.pidf.PIDFParseTest@711fcaf6]" name="testValid" duration-ms="3" started-at="2014-11-05T10:31:02Z" data-provider="validCases" finished-at="2014-11-05T10:31:02Z">
          <params>
            <param index="0">
              <value>
                <![CDATA[file:/Users/archie/proj/jibx-bindings/trunk/build/test/org/dellroad/jibxbindings/pidf/pidf-valid-8.xml]]>
              </value>
            </param>
          </params>
          <reporter-output>
          </reporter-output>
        </test-method> <!-- testValid -->
        <test-method status="PASS" signature="testValid(java.net.URL)[pri:0, instance:org.dellroad.jibxbindings.pidf.PIDFParseTest@711fcaf6]" name="testValid" duration-ms="4" started-at="2014-11-05T10:31:02Z" data-provider="validCases" finished-at="2014-11-05T10:31:02Z">
          <params>
            <param index="0">
              <value>
                <![CDATA[file:/Users/archie/proj/jibx-bindings/trunk/build/test/org/dellroad/jibxbindings/pidf/pidf-valid-9.xml]]>
              </value>
            </param>
          </params>
          <reporter-output>
          </reporter-output>
        </test-method> <!-- testValid -->
        <test-method status="PASS" signature="testValid(java.net.URL)[pri:0, instance:org.dellroad.jibxbindings.pidf.PIDFParseTest@711fcaf6]" name="testValid" duration-ms="3" started-at="2014-11-05T10:31:02Z" data-provider="validCases" finished-at="2014-11-05T10:31:02Z">
          <params>
            <param index="0">
              <value>
                <![CDATA[file:/Users/archie/proj/jibx-bindings/trunk/build/test/org/dellroad/jibxbindings/pidf/pidf-valid-10.xml]]>
              </value>
            </param>
          </params>
          <reporter-output>
          </reporter-output>
        </test-method> <!-- testValid -->
        <test-method status="PASS" signature="testValid(java.net.URL)[pri:0, instance:org.dellroad.jibxbindings.pidf.PIDFParseTest@711fcaf6]" name="testValid" duration-ms="4" started-at="2014-11-05T10:31:02Z" data-provider="validCases" finished-at="2014-11-05T10:31:02Z">
          <params>
            <param index="0">
              <value>
                <![CDATA[file:/Users/archie/proj/jibx-bindings/trunk/build/test/org/dellroad/jibxbindings/pidf/pidf-valid-11.xml]]>
              </value>
            </param>
          </params>
          <reporter-output>
          </reporter-output>
        </test-method> <!-- testValid -->
        <test-method status="PASS" signature="testValid(java.net.URL)[pri:0, instance:org.dellroad.jibxbindings.pidf.PIDFParseTest@711fcaf6]" name="testValid" duration-ms="2" started-at="2014-11-05T10:31:02Z" data-provider="validCases" finished-at="2014-11-05T10:31:02Z">
          <params>
            <param index="0">
              <value>
                <![CDATA[file:/Users/archie/proj/jibx-bindings/trunk/build/test/org/dellroad/jibxbindings/pidf/pidf-valid-12.xml]]>
              </value>
            </param>
          </params>
          <reporter-output>
          </reporter-output>
        </test-method> <!-- testValid -->
        <test-method status="PASS" signature="testValid(java.net.URL)[pri:0, instance:org.dellroad.jibxbindings.pidf.PIDFParseTest@711fcaf6]" name="testValid" duration-ms="5" started-at="2014-11-05T10:31:02Z" data-provider="validCases" finished-at="2014-11-05T10:31:02Z">
          <params>
            <param index="0">
              <value>
                <![CDATA[file:/Users/archie/proj/jibx-bindings/trunk/build/test/org/dellroad/jibxbindings/pidf/pidf-valid-13.xml]]>
              </value>
            </param>
          </params>
          <reporter-output>
          </reporter-output>
        </test-method> <!-- testValid -->
        <test-method status="PASS" signature="testValid(java.net.URL)[pri:0, instance:org.dellroad.jibxbindings.pidf.PIDFParseTest@711fcaf6]" name="testValid" duration-ms="2" started-at="2014-11-05T10:31:02Z" data-provider="validCases" finished-at="2014-11-05T10:31:02Z">
          <params>
            <param index="0">
              <value>
                <![CDATA[file:/Users/archie/proj/jibx-bindings/trunk/build/test/org/dellroad/jibxbindings/pidf/pidf-valid-14.xml]]>
              </value>
            </param>
          </params>
          <reporter-output>
          </reporter-output>
        </test-method> <!-- testValid -->
        <test-method status="PASS" signature="testValid(java.net.URL)[pri:0, instance:org.dellroad.jibxbindings.pidf.PIDFParseTest@711fcaf6]" name="testValid" duration-ms="3" started-at="2014-11-05T10:31:02Z" data-provider="validCases" finished-at="2014-11-05T10:31:02Z">
          <params>
            <param index="0">
              <value>
                <![CDATA[file:/Users/archie/proj/jibx-bindings/trunk/build/test/org/dellroad/jibxbindings/pidf/pidf-valid-15.xml]]>
              </value>
            </param>
          </params>
          <reporter-output>
          </reporter-output>
        </test-method> <!-- testValid -->
        <test-method status="PASS" signature="testValid(java.net.URL)[pri:0, instance:org.dellroad.jibxbindings.pidf.PIDFParseTest@711fcaf6]" name="testValid" duration-ms="3" started-at="2014-11-05T10:31:02Z" data-provider="validCases" finished-at="2014-11-05T10:31:02Z">
          <params>
            <param index="0">
              <value>
                <![CDATA[file:/Users/archie/proj/jibx-bindings/trunk/build/test/org/dellroad/jibxbindings/pidf/pidf-valid-16.xml]]>
              </value>
            </param>
          </params>
          <reporter-output>
          </reporter-output>
        </test-method> <!-- testValid -->
      </class> <!-- org.dellroad.jibxbindings.pidf.PIDFParseTest -->
      <class name="org.dellroad.jibxbindings.pidf.held.LocationRequestTest">
        <test-method status="PASS" signature="setupLogging(java.lang.String, java.lang.String)[pri:0, instance:org.dellroad.jibxbindings.pidf.held.LocationRequestTest@491238a0]" name="setupLogging" is-config="true" duration-ms="0" started-at="2014-11-05T10:31:01Z" finished-at="2014-11-05T10:31:01Z">
          <params>
            <param index="0">
              <value>
                <![CDATA[INFO]]>
              </value>
            </param>
            <param index="1">
              <value>
                <![CDATA[%-5p [%t]: %m%n]]>
              </value>
            </param>
          </params>
          <reporter-output>
          </reporter-output>
        </test-method> <!-- setupLogging -->
        <test-method status="PASS" signature="seedRandom(java.lang.String)[pri:0, instance:org.dellroad.jibxbindings.pidf.held.LocationRequestTest@491238a0]" name="seedRandom" is-config="true" duration-ms="0" started-at="2014-11-05T10:31:01Z" finished-at="2014-11-05T10:31:01Z">
          <params>
            <param index="0">
              <value>
                <![CDATA[]]>
              </value>
            </param>
          </params>
          <reporter-output>
          </reporter-output>
        </test-method> <!-- seedRandom -->
        <test-method status="PASS" signature="testValid(java.net.URL)[pri:0, instance:org.dellroad.jibxbindings.pidf.held.LocationRequestTest@491238a0]" name="testValid" duration-ms="1" started-at="2014-11-05T10:31:01Z" data-provider="validCases" finished-at="2014-11-05T10:31:01Z">
          <params>
            <param index="0">
              <value>
                <![CDATA[file:/Users/archie/proj/jibx-bindings/trunk/build/test/org/dellroad/jibxbindings/pidf/held/locationRequest-valid-0.xml]]>
              </value>
            </param>
          </params>
          <reporter-output>
          </reporter-output>
        </test-method> <!-- testValid -->
        <test-method status="PASS" signature="testValid(java.net.URL)[pri:0, instance:org.dellroad.jibxbindings.pidf.held.LocationRequestTest@491238a0]" name="testValid" duration-ms="2" started-at="2014-11-05T10:31:01Z" data-provider="validCases" finished-at="2014-11-05T10:31:01Z">
          <params>
            <param index="0">
              <value>
                <![CDATA[file:/Users/archie/proj/jibx-bindings/trunk/build/test/org/dellroad/jibxbindings/pidf/held/locationRequest-valid-1.xml]]>
              </value>
            </param>
          </params>
          <reporter-output>
          </reporter-output>
        </test-method> <!-- testValid -->
      </class> <!-- org.dellroad.jibxbindings.pidf.held.LocationRequestTest -->
      <class name="org.dellroad.jibxbindings.ParseUtilTest">
        <test-method status="PASS" signature="seedRandom(java.lang.String)[pri:0, instance:org.dellroad.jibxbindings.ParseUtilTest@6ceac619]" name="seedRandom" is-config="true" duration-ms="9" started-at="2014-11-05T10:31:01Z" finished-at="2014-11-05T10:31:01Z">
          <params>
            <param index="0">
              <value>
                <![CDATA[]]>
              </value>
            </param>
          </params>
          <reporter-output>
          </reporter-output>
        </test-method> <!-- seedRandom -->
        <test-method status="PASS" signature="setupLogging(java.lang.String, java.lang.String)[pri:0, instance:org.dellroad.jibxbindings.ParseUtilTest@6ceac619]" name="setupLogging" is-config="true" duration-ms="1" started-at="2014-11-05T10:31:01Z" finished-at="2014-11-05T10:31:01Z">
          <params>
            <param index="0">
              <value>
                <![CDATA[INFO]]>
              </value>
            </param>
            <param index="1">
              <value>
                <![CDATA[%-5p [%t]: %m%n]]>
              </value>
            </param>
          </params>
          <reporter-output>
          </reporter-output>
        </test-method> <!-- setupLogging -->
        <test-method status="PASS" signature="testRFC3339(java.lang.String, java.lang.Long)[pri:0, instance:org.dellroad.jibxbindings.ParseUtilTest@6ceac619]" name="testRFC3339" duration-ms="24" started-at="2014-11-05T10:31:01Z" data-provider="rfc3339" finished-at="2014-11-05T10:31:01Z">
          <params>
            <param index="0">
              <value>
                <![CDATA[2010-09-28T19:16:10Z]]>
              </value>
            </param>
            <param index="1">
              <value>
                <![CDATA[1285701370000]]>
              </value>
            </param>
          </params>
          <reporter-output>
          </reporter-output>
        </test-method> <!-- testRFC3339 -->
        <test-method status="PASS" signature="testRFC3339(java.lang.String, java.lang.Long)[pri:0, instance:org.dellroad.jibxbindings.ParseUtilTest@6ceac619]" name="testRFC3339" duration-ms="1" started-at="2014-11-05T10:31:01Z" data-provider="rfc3339" finished-at="2014-11-05T10:31:01Z">
          <params>
            <param index="0">
              <value>
                <![CDATA[2010-09-28T19:16:10.123Z]]>
              </value>
            </param>
            <param index="1">
              <value>
                <![CDATA[1285701370123]]>
              </value>
            </param>
          </params>
          <reporter-output>
          </reporter-output>
        </test-method> <!-- testRFC3339 -->
        <test-method status="PASS" signature="testRFC3339(java.lang.String, java.lang.Long)[pri:0, instance:org.dellroad.jibxbindings.ParseUtilTest@6ceac619]" name="testRFC3339" duration-ms="1" started-at="2014-11-05T10:31:01Z" data-provider="rfc3339" finished-at="2014-11-05T10:31:01Z">
          <params>
            <param index="0">
              <value>
                <![CDATA[2010-09-28T19:16:10+00:00]]>
              </value>
            </param>
            <param index="1">
              <value>
                <![CDATA[1285701370000]]>
              </value>
            </param>
          </params>
          <reporter-output>
          </reporter-output>
        </test-method> <!-- testRFC3339 -->
        <test-method status="PASS" signature="testRFC3339(java.lang.String, java.lang.Long)[pri:0, instance:org.dellroad.jibxbindings.ParseUtilTest@6ceac619]" name="testRFC3339" duration-ms="1" started-at="2014-11-05T10:31:01Z" data-provider="rfc3339" finished-at="2014-11-05T10:31:01Z">
          <params>
            <param index="0">
              <value>
                <![CDATA[2010-09-28T19:16:10-00:00]]>
              </value>
            </param>
            <param index="1">
              <value>
                <![CDATA[1285701370000]]>
              </value>
            </param>
          </params>
          <reporter-output>
          </reporter-output>
        </test-method> <!-- testRFC3339 -->
        <test-method status="PASS" signature="testRFC3339(java.lang.String, java.lang.Long)[pri:0, instance:org.dellroad.jibxbindings.ParseUtilTest@6ceac619]" name="testRFC3339" duration-ms="1" started-at="2014-11-05T10:31:01Z" data-provider="rfc3339" finished-at="2014-11-05T10:31:01Z">
          <params>
            <param index="0">
              <value>
                <![CDATA[2010-09-28T19:16:10.123Z]]>
              </value>
            </param>
            <param index="1">
              <value>
                <![CDATA[1285701370123]]>
              </value>
            </param>
          </params>
          <reporter-output>
          </reporter-output>
        </test-method> <!-- testRFC3339 -->
        <test-method status="PASS" signature="testRFC3339(java.lang.String, java.lang.Long)[pri:0, instance:org.dellroad.jibxbindings.ParseUtilTest@6ceac619]" name="testRFC3339" duration-ms="1" started-at="2014-11-05T10:31:01Z" data-provider="rfc3339" finished-at="2014-11-05T10:31:01Z">
          <params>
            <param index="0">
              <value>
                <![CDATA[2010-09-28T23:16:10+04:00]]>
              </value>
            </param>
            <param index="1">
              <value>
                <![CDATA[1285701370000]]>
              </value>
            </param>
          </params>
          <reporter-output>
          </reporter-output>
        </test-method> <!-- testRFC3339 -->
        <test-method status="PASS" signature="testRFC3339(java.lang.String, java.lang.Long)[pri:0, instance:org.dellroad.jibxbindings.ParseUtilTest@6ceac619]" name="testRFC3339" duration-ms="0" started-at="2014-11-05T10:31:01Z" data-provider="rfc3339" finished-at="2014-11-05T10:31:01Z">
          <params>
            <param index="0">
              <value>
                <![CDATA[2010-09-28T12:16:10-07:00]]>
              </value>
            </param>
            <param index="1">
              <value>
                <![CDATA[1285701370000]]>
              </value>
            </param>
          </params>
          <reporter-output>
          </reporter-output>
        </test-method> <!-- testRFC3339 -->
        <test-method status="PASS" signature="testRFC3339(java.lang.String, java.lang.Long)[pri:0, instance:org.dellroad.jibxbindings.ParseUtilTest@6ceac619]" name="testRFC3339" duration-ms="1" started-at="2014-11-05T10:31:01Z" data-provider="rfc3339" finished-at="2014-11-05T10:31:01Z">
          <params>
            <param index="0">
              <value>
                <![CDATA[2010-09-28T19:16:10.123]]>
              </value>
            </param>
            <param index="1">
              <value is-null="true"/>
            </param>
          </params>
          <reporter-output>
          </reporter-output>
        </test-method> <!-- testRFC3339 -->
        <test-method status="PASS" signature="testRFC3339(java.lang.String, java.lang.Long)[pri:0, instance:org.dellroad.jibxbindings.ParseUtilTest@6ceac619]" name="testRFC3339" duration-ms="0" started-at="2014-11-05T10:31:01Z" data-provider="rfc3339" finished-at="2014-11-05T10:31:01Z">
          <params>
            <param index="0">
              <value>
                <![CDATA[2010-09-28T19:16:10]]>
              </value>
            </param>
            <param index="1">
              <value is-null="true"/>
            </param>
          </params>
          <reporter-output>
          </reporter-output>
        </test-method> <!-- testRFC3339 -->
        <test-method status="PASS" signature="testRFC3339(java.lang.String, java.lang.Long)[pri:0, instance:org.dellroad.jibxbindings.ParseUtilTest@6ceac619]" name="testRFC3339" duration-ms="0" started-at="2014-11-05T10:31:01Z" data-provider="rfc3339" finished-at="2014-11-05T10:31:01Z">
          <params>
            <param index="0">
              <value>
                <![CDATA[2010-09-28T19:16:10GMT-00:00]]>
              </value>
            </param>
            <param index="1">
              <value is-null="true"/>
            </param>
          </params>
          <reporter-output>
          </reporter-output>
        </test-method> <!-- testRFC3339 -->
        <test-method status="PASS" signature="testRFC3339(java.lang.String, java.lang.Long)[pri:0, instance:org.dellroad.jibxbindings.ParseUtilTest@6ceac619]" name="testRFC3339" duration-ms="0" started-at="2014-11-05T10:31:01Z" data-provider="rfc3339" finished-at="2014-11-05T10:31:01Z">
          <params>
            <param index="0">
              <value>
                <![CDATA[2010-09-28T19:16:10GMT+00:00]]>
              </value>
            </param>
            <param index="1">
              <value is-null="true"/>
            </param>
          </params>
          <reporter-output>
          </reporter-output>
        </test-method> <!-- testRFC3339 -->
        <test-method status="PASS" signature="testRFC3339(java.lang.String, java.lang.Long)[pri:0, instance:org.dellroad.jibxbindings.ParseUtilTest@6ceac619]" name="testRFC3339" duration-ms="1" started-at="2014-11-05T10:31:01Z" data-provider="rfc3339" finished-at="2014-11-05T10:31:01Z">
          <params>
            <param index="0">
              <value>
                <![CDATA[2010-09-28T19:16:10ZZ]]>
              </value>
            </param>
            <param index="1">
              <value is-null="true"/>
            </param>
          </params>
          <reporter-output>
          </reporter-output>
        </test-method> <!-- testRFC3339 -->
        <test-method status="PASS" signature="testRFC3339(java.lang.String, java.lang.Long)[pri:0, instance:org.dellroad.jibxbindings.ParseUtilTest@6ceac619]" name="testRFC3339" duration-ms="0" started-at="2014-11-05T10:31:01Z" data-provider="rfc3339" finished-at="2014-11-05T10:31:01Z">
          <params>
            <param index="0">
              <value>
                <![CDATA[10-09-28T19:16:10Z]]>
              </value>
            </param>
            <param index="1">
              <value is-null="true"/>
            </param>
          </params>
          <reporter-output>
          </reporter-output>
        </test-method> <!-- testRFC3339 -->
        <test-method status="PASS" signature="testRFC3339(java.lang.String, java.lang.Long)[pri:0, instance:org.dellroad.jibxbindings.ParseUtilTest@6ceac619]" name="testRFC3339" duration-ms="0" started-at="2014-11-05T10:31:01Z" data-provider="rfc3339" finished-at="2014-11-05T10:31:01Z">
          <params>
            <param index="0">
              <value>
                <![CDATA[10-09-28T19:16:10Z]]>
              </value>
            </param>
            <param index="1">
              <value is-null="true"/>
            </param>
          </params>
          <reporter-output>
          </reporter-output>
        </test-method> <!-- testRFC3339 -->
      </class> <!-- org.dellroad.jibxbindings.ParseUtilTest -->
      <class name="org.dellroad.jibxbindings.pidf.held.ErrorTest">
        <test-method status="PASS" signature="seedRandom(java.lang.String)[pri:0, instance:org.dellroad.jibxbindings.pidf.held.ErrorTest@2973cb2c]" name="seedRandom" is-config="true" duration-ms="0" started-at="2014-11-05T10:31:01Z" finished-at="2014-11-05T10:31:01Z">
          <params>
            <param index="0">
              <value>
                <![CDATA[]]>
              </value>
            </param>
          </params>
          <reporter-output>
          </reporter-output>
        </test-method> <!-- seedRandom -->
        <test-method status="PASS" signature="setupLogging(java.lang.String, java.lang.String)[pri:0, instance:org.dellroad.jibxbindings.pidf.held.ErrorTest@2973cb2c]" name="setupLogging" is-config="true" duration-ms="0" started-at="2014-11-05T10:31:01Z" finished-at="2014-11-05T10:31:01Z">
          <params>
            <param index="0">
              <value>
                <![CDATA[INFO]]>
              </value>
            </param>
            <param index="1">
              <value>
                <![CDATA[%-5p [%t]: %m%n]]>
              </value>
            </param>
          </params>
          <reporter-output>
          </reporter-output>
        </test-method> <!-- setupLogging -->
        <test-method status="PASS" signature="testValid(java.net.URL)[pri:0, instance:org.dellroad.jibxbindings.pidf.held.ErrorTest@2973cb2c]" name="testValid" duration-ms="39" started-at="2014-11-05T10:31:01Z" data-provider="validCases" finished-at="2014-11-05T10:31:01Z">
          <params>
            <param index="0">
              <value>
                <![CDATA[file:/Users/archie/proj/jibx-bindings/trunk/build/test/org/dellroad/jibxbindings/pidf/held/error-valid-0.xml]]>
              </value>
            </param>
          </params>
          <reporter-output>
          </reporter-output>
        </test-method> <!-- testValid -->
        <test-method status="PASS" signature="testValid(java.net.URL)[pri:0, instance:org.dellroad.jibxbindings.pidf.held.ErrorTest@2973cb2c]" name="testValid" duration-ms="1" started-at="2014-11-05T10:31:01Z" data-provider="validCases" finished-at="2014-11-05T10:31:01Z">
          <params>
            <param index="0">
              <value>
                <![CDATA[file:/Users/archie/proj/jibx-bindings/trunk/build/test/org/dellroad/jibxbindings/pidf/held/error-valid-1.xml]]>
              </value>
            </param>
          </params>
          <reporter-output>
          </reporter-output>
        </test-method> <!-- testValid -->
      </class> <!-- org.dellroad.jibxbindings.pidf.held.ErrorTest -->
      <class name="org.dellroad.jibxbindings.twilio.restapi.RestAPIParseTest">
        <test-method status="PASS" signature="setupLogging(java.lang.String, java.lang.String)[pri:0, instance:org.dellroad.jibxbindings.twilio.restapi.RestAPIParseTest@5e46167f]" name="setupLogging" is-config="true" duration-ms="0" started-at="2014-11-05T10:31:02Z" finished-at="2014-11-05T10:31:02Z">
          <params>
            <param index="0">
              <value>
                <![CDATA[INFO]]>
              </value>
            </param>
            <param index="1">
              <value>
                <![CDATA[%-5p [%t]: %m%n]]>
              </value>
            </param>
          </params>
          <reporter-output>
          </reporter-output>
        </test-method> <!-- setupLogging -->
        <test-method status="PASS" signature="seedRandom(java.lang.String)[pri:0, instance:org.dellroad.jibxbindings.twilio.restapi.RestAPIParseTest@5e46167f]" name="seedRandom" is-config="true" duration-ms="0" started-at="2014-11-05T10:31:02Z" finished-at="2014-11-05T10:31:02Z">
          <params>
            <param index="0">
              <value>
                <![CDATA[]]>
              </value>
            </param>
          </params>
          <reporter-output>
          </reporter-output>
        </test-method> <!-- seedRandom -->
        <test-method status="PASS" signature="testValidTwilioResponse(java.net.URL)[pri:0, instance:org.dellroad.jibxbindings.twilio.restapi.RestAPIParseTest@5e46167f]" name="testValidTwilioResponse" duration-ms="4" started-at="2014-11-05T10:31:02Z" data-provider="validTwilioResponses" finished-at="2014-11-05T10:31:02Z">
          <params>
            <param index="0">
              <value>
                <![CDATA[file:/Users/archie/proj/jibx-bindings/trunk/build/test/org/dellroad/jibxbindings/twilio/restapi/account-0.xml]]>
              </value>
            </param>
          </params>
          <reporter-output>
          </reporter-output>
        </test-method> <!-- testValidTwilioResponse -->
        <test-method status="PASS" signature="testValidTwilioResponse(java.net.URL)[pri:0, instance:org.dellroad.jibxbindings.twilio.restapi.RestAPIParseTest@5e46167f]" name="testValidTwilioResponse" duration-ms="3" started-at="2014-11-05T10:31:02Z" data-provider="validTwilioResponses" finished-at="2014-11-05T10:31:02Z">
          <params>
            <param index="0">
              <value>
                <![CDATA[file:/Users/archie/proj/jibx-bindings/trunk/build/test/org/dellroad/jibxbindings/twilio/restapi/account-1.xml]]>
              </value>
            </param>
          </params>
          <reporter-output>
          </reporter-output>
        </test-method> <!-- testValidTwilioResponse -->
        <test-method status="PASS" signature="testValidTwilioResponse(java.net.URL)[pri:0, instance:org.dellroad.jibxbindings.twilio.restapi.RestAPIParseTest@5e46167f]" name="testValidTwilioResponse" duration-ms="3" started-at="2014-11-05T10:31:02Z" data-provider="validTwilioResponses" finished-at="2014-11-05T10:31:02Z">
          <params>
            <param index="0">
              <value>
                <![CDATA[file:/Users/archie/proj/jibx-bindings/trunk/build/test/org/dellroad/jibxbindings/twilio/restapi/account-2.xml]]>
              </value>
            </param>
          </params>
          <reporter-output>
          </reporter-output>
        </test-method> <!-- testValidTwilioResponse -->
        <test-method status="PASS" signature="testValidTwilioResponse(java.net.URL)[pri:0, instance:org.dellroad.jibxbindings.twilio.restapi.RestAPIParseTest@5e46167f]" name="testValidTwilioResponse" duration-ms="4" started-at="2014-11-05T10:31:02Z" data-provider="validTwilioResponses" finished-at="2014-11-05T10:31:02Z">
          <params>
            <param index="0">
              <value>
                <![CDATA[file:/Users/archie/proj/jibx-bindings/trunk/build/test/org/dellroad/jibxbindings/twilio/restapi/account-3.xml]]>
              </value>
            </param>
          </params>
          <reporter-output>
          </reporter-output>
        </test-method> <!-- testValidTwilioResponse -->
        <test-method status="PASS" signature="testValidTwilioResponse(java.net.URL)[pri:0, instance:org.dellroad.jibxbindings.twilio.restapi.RestAPIParseTest@5e46167f]" name="testValidTwilioResponse" duration-ms="2" started-at="2014-11-05T10:31:02Z" data-provider="validTwilioResponses" finished-at="2014-11-05T10:31:02Z">
          <params>
            <param index="0">
              <value>
                <![CDATA[file:/Users/archie/proj/jibx-bindings/trunk/build/test/org/dellroad/jibxbindings/twilio/restapi/account-4.xml]]>
              </value>
            </param>
          </params>
          <reporter-output>
          </reporter-output>
        </test-method> <!-- testValidTwilioResponse -->
        <test-method status="PASS" signature="testValidTwilioResponse(java.net.URL)[pri:0, instance:org.dellroad.jibxbindings.twilio.restapi.RestAPIParseTest@5e46167f]" name="testValidTwilioResponse" duration-ms="3" started-at="2014-11-05T10:31:02Z" data-provider="validTwilioResponses" finished-at="2014-11-05T10:31:02Z">
          <params>
            <param index="0">
              <value>
                <![CDATA[file:/Users/archie/proj/jibx-bindings/trunk/build/test/org/dellroad/jibxbindings/twilio/restapi/account-5.xml]]>
              </value>
            </param>
          </params>
          <reporter-output>
          </reporter-output>
        </test-method> <!-- testValidTwilioResponse -->
        <test-method status="PASS" signature="testValidTwilioResponse(java.net.URL)[pri:0, instance:org.dellroad.jibxbindings.twilio.restapi.RestAPIParseTest@5e46167f]" name="testValidTwilioResponse" duration-ms="3" started-at="2014-11-05T10:31:02Z" data-provider="validTwilioResponses" finished-at="2014-11-05T10:31:02Z">
          <params>
            <param index="0">
              <value>
                <![CDATA[file:/Users/archie/proj/jibx-bindings/trunk/build/test/org/dellroad/jibxbindings/twilio/restapi/accounts-0.xml]]>
              </value>
            </param>
          </params>
          <reporter-output>
          </reporter-output>
        </test-method> <!-- testValidTwilioResponse -->
        <test-method status="PASS" signature="testValidTwilioResponse(java.net.URL)[pri:0, instance:org.dellroad.jibxbindings.twilio.restapi.RestAPIParseTest@5e46167f]" name="testValidTwilioResponse" duration-ms="4" started-at="2014-11-05T10:31:02Z" data-provider="validTwilioResponses" finished-at="2014-11-05T10:31:02Z">
          <params>
            <param index="0">
              <value>
                <![CDATA[file:/Users/archie/proj/jibx-bindings/trunk/build/test/org/dellroad/jibxbindings/twilio/restapi/accounts-1.xml]]>
              </value>
            </param>
          </params>
          <reporter-output>
          </reporter-output>
        </test-method> <!-- testValidTwilioResponse -->
        <test-method status="PASS" signature="testValidTwilioResponse(java.net.URL)[pri:0, instance:org.dellroad.jibxbindings.twilio.restapi.RestAPIParseTest@5e46167f]" name="testValidTwilioResponse" duration-ms="2" started-at="2014-11-05T10:31:02Z" data-provider="validTwilioResponses" finished-at="2014-11-05T10:31:02Z">
          <params>
            <param index="0">
              <value>
                <![CDATA[file:/Users/archie/proj/jibx-bindings/trunk/build/test/org/dellroad/jibxbindings/twilio/restapi/accounts-2.xml]]>
              </value>
            </param>
          </params>
          <reporter-output>
          </reporter-output>
        </test-method> <!-- testValidTwilioResponse -->
        <test-method status="PASS" signature="testValidTwilioResponse(java.net.URL)[pri:0, instance:org.dellroad.jibxbindings.twilio.restapi.RestAPIParseTest@5e46167f]" name="testValidTwilioResponse" duration-ms="2" started-at="2014-11-05T10:31:02Z" data-provider="validTwilioResponses" finished-at="2014-11-05T10:31:02Z">
          <params>
            <param index="0">
              <value>
                <![CDATA[file:/Users/archie/proj/jibx-bindings/trunk/build/test/org/dellroad/jibxbindings/twilio/restapi/availablePhoneNumbers-0.xml]]>
              </value>
            </param>
          </params>
          <reporter-output>
          </reporter-output>
        </test-method> <!-- testValidTwilioResponse -->
        <test-method status="PASS" signature="testValidTwilioResponse(java.net.URL)[pri:0, instance:org.dellroad.jibxbindings.twilio.restapi.RestAPIParseTest@5e46167f]" name="testValidTwilioResponse" duration-ms="2" started-at="2014-11-05T10:31:02Z" data-provider="validTwilioResponses" finished-at="2014-11-05T10:31:02Z">
          <params>
            <param index="0">
              <value>
                <![CDATA[file:/Users/archie/proj/jibx-bindings/trunk/build/test/org/dellroad/jibxbindings/twilio/restapi/availablePhoneNumbers-1.xml]]>
              </value>
            </param>
          </params>
          <reporter-output>
          </reporter-output>
        </test-method> <!-- testValidTwilioResponse -->
        <test-method status="PASS" signature="testValidTwilioResponse(java.net.URL)[pri:0, instance:org.dellroad.jibxbindings.twilio.restapi.RestAPIParseTest@5e46167f]" name="testValidTwilioResponse" duration-ms="1" started-at="2014-11-05T10:31:02Z" data-provider="validTwilioResponses" finished-at="2014-11-05T10:31:02Z">
          <params>
            <param index="0">
              <value>
                <![CDATA[file:/Users/archie/proj/jibx-bindings/trunk/build/test/org/dellroad/jibxbindings/twilio/restapi/availablePhoneNumbers-2.xml]]>
              </value>
            </param>
          </params>
          <reporter-output>
          </reporter-output>
        </test-method> <!-- testValidTwilioResponse -->
        <test-method status="PASS" signature="testValidTwilioResponse(java.net.URL)[pri:0, instance:org.dellroad.jibxbindings.twilio.restapi.RestAPIParseTest@5e46167f]" name="testValidTwilioResponse" duration-ms="2" started-at="2014-11-05T10:31:02Z" data-provider="validTwilioResponses" finished-at="2014-11-05T10:31:02Z">
          <params>
            <param index="0">
              <value>
                <![CDATA[file:/Users/archie/proj/jibx-bindings/trunk/build/test/org/dellroad/jibxbindings/twilio/restapi/availablePhoneNumbers-3.xml]]>
              </value>
            </param>
          </params>
          <reporter-output>
          </reporter-output>
        </test-method> <!-- testValidTwilioResponse -->
        <test-method status="PASS" signature="testValidTwilioResponse(java.net.URL)[pri:0, instance:org.dellroad.jibxbindings.twilio.restapi.RestAPIParseTest@5e46167f]" name="testValidTwilioResponse" duration-ms="1" started-at="2014-11-05T10:31:02Z" data-provider="validTwilioResponses" finished-at="2014-11-05T10:31:02Z">
          <params>
            <param index="0">
              <value>
                <![CDATA[file:/Users/archie/proj/jibx-bindings/trunk/build/test/org/dellroad/jibxbindings/twilio/restapi/availablePhoneNumbers-4.xml]]>
              </value>
            </param>
          </params>
          <reporter-output>
          </reporter-output>
        </test-method> <!-- testValidTwilioResponse -->
        <test-method status="PASS" signature="testValidTwilioResponse(java.net.URL)[pri:0, instance:org.dellroad.jibxbindings.twilio.restapi.RestAPIParseTest@5e46167f]" name="testValidTwilioResponse" duration-ms="1" started-at="2014-11-05T10:31:02Z" data-provider="validTwilioResponses" finished-at="2014-11-05T10:31:02Z">
          <params>
            <param index="0">
              <value>
                <![CDATA[file:/Users/archie/proj/jibx-bindings/trunk/build/test/org/dellroad/jibxbindings/twilio/restapi/availablePhoneNumbers-5.xml]]>
              </value>
            </param>
          </params>
          <reporter-output>
          </reporter-output>
        </test-method> <!-- testValidTwilioResponse -->
        <test-method status="PASS" signature="testValidTwilioResponse(java.net.URL)[pri:0, instance:org.dellroad.jibxbindings.twilio.restapi.RestAPIParseTest@5e46167f]" name="testValidTwilioResponse" duration-ms="2" started-at="2014-11-05T10:31:02Z" data-provider="validTwilioResponses" finished-at="2014-11-05T10:31:02Z">
          <params>
            <param index="0">
              <value>
                <![CDATA[file:/Users/archie/proj/jibx-bindings/trunk/build/test/org/dellroad/jibxbindings/twilio/restapi/availablePhoneNumbers-6.xml]]>
              </value>
            </param>
          </params>
          <reporter-output>
          </reporter-output>
        </test-method> <!-- testValidTwilioResponse -->
        <test-method status="PASS" signature="testValidTwilioResponse(java.net.URL)[pri:0, instance:org.dellroad.jibxbindings.twilio.restapi.RestAPIParseTest@5e46167f]" name="testValidTwilioResponse" duration-ms="8" started-at="2014-11-05T10:31:02Z" data-provider="validTwilioResponses" finished-at="2014-11-05T10:31:02Z">
          <params>
            <param index="0">
              <value>
                <![CDATA[file:/Users/archie/proj/jibx-bindings/trunk/build/test/org/dellroad/jibxbindings/twilio/restapi/call-0.xml]]>
              </value>
            </param>
          </params>
          <reporter-output>
          </reporter-output>
        </test-method> <!-- testValidTwilioResponse -->
        <test-method status="PASS" signature="testValidTwilioResponse(java.net.URL)[pri:0, instance:org.dellroad.jibxbindings.twilio.restapi.RestAPIParseTest@5e46167f]" name="testValidTwilioResponse" duration-ms="3" started-at="2014-11-05T10:31:02Z" data-provider="validTwilioResponses" finished-at="2014-11-05T10:31:02Z">
          <params>
            <param index="0">
              <value>
                <![CDATA[file:/Users/archie/proj/jibx-bindings/trunk/build/test/org/dellroad/jibxbindings/twilio/restapi/call-1.xml]]>
              </value>
            </param>
          </params>
          <reporter-output>
          </reporter-output>
        </test-method> <!-- testValidTwilioResponse -->
        <test-method status="PASS" signature="testValidTwilioResponse(java.net.URL)[pri:0, instance:org.dellroad.jibxbindings.twilio.restapi.RestAPIParseTest@5e46167f]" name="testValidTwilioResponse" duration-ms="4" started-at="2014-11-05T10:31:02Z" data-provider="validTwilioResponses" finished-at="2014-11-05T10:31:02Z">
          <params>
            <param index="0">
              <value>
                <![CDATA[file:/Users/archie/proj/jibx-bindings/trunk/build/test/org/dellroad/jibxbindings/twilio/restapi/call-2.xml]]>
              </value>
            </param>
          </params>
          <reporter-output>
          </reporter-output>
        </test-method> <!-- testValidTwilioResponse -->
        <test-method status="PASS" signature="testValidTwilioResponse(java.net.URL)[pri:0, instance:org.dellroad.jibxbindings.twilio.restapi.RestAPIParseTest@5e46167f]" name="testValidTwilioResponse" duration-ms="4" started-at="2014-11-05T10:31:02Z" data-provider="validTwilioResponses" finished-at="2014-11-05T10:31:02Z">
          <params>
            <param index="0">
              <value>
                <![CDATA[file:/Users/archie/proj/jibx-bindings/trunk/build/test/org/dellroad/jibxbindings/twilio/restapi/call-3.xml]]>
              </value>
            </param>
          </params>
          <reporter-output>
          </reporter-output>
        </test-method> <!-- testValidTwilioResponse -->
        <test-method status="PASS" signature="testValidTwilioResponse(java.net.URL)[pri:0, instance:org.dellroad.jibxbindings.twilio.restapi.RestAPIParseTest@5e46167f]" name="testValidTwilioResponse" duration-ms="4" started-at="2014-11-05T10:31:02Z" data-provider="validTwilioResponses" finished-at="2014-11-05T10:31:02Z">
          <params>
            <param index="0">
              <value>
                <![CDATA[file:/Users/archie/proj/jibx-bindings/trunk/build/test/org/dellroad/jibxbindings/twilio/restapi/call-4.xml]]>
              </value>
            </param>
          </params>
          <reporter-output>
          </reporter-output>
        </test-method> <!-- testValidTwilioResponse -->
        <test-method status="PASS" signature="testValidTwilioResponse(java.net.URL)[pri:0, instance:org.dellroad.jibxbindings.twilio.restapi.RestAPIParseTest@5e46167f]" name="testValidTwilioResponse" duration-ms="4" started-at="2014-11-05T10:31:02Z" data-provider="validTwilioResponses" finished-at="2014-11-05T10:31:02Z">
          <params>
            <param index="0">
              <value>
                <![CDATA[file:/Users/archie/proj/jibx-bindings/trunk/build/test/org/dellroad/jibxbindings/twilio/restapi/call-5.xml]]>
              </value>
            </param>
          </params>
          <reporter-output>
          </reporter-output>
        </test-method> <!-- testValidTwilioResponse -->
        <test-method status="PASS" signature="testValidTwilioResponse(java.net.URL)[pri:0, instance:org.dellroad.jibxbindings.twilio.restapi.RestAPIParseTest@5e46167f]" name="testValidTwilioResponse" duration-ms="4" started-at="2014-11-05T10:31:02Z" data-provider="validTwilioResponses" finished-at="2014-11-05T10:31:02Z">
          <params>
            <param index="0">
              <value>
                <![CDATA[file:/Users/archie/proj/jibx-bindings/trunk/build/test/org/dellroad/jibxbindings/twilio/restapi/calls-0.xml]]>
              </value>
            </param>
          </params>
          <reporter-output>
          </reporter-output>
        </test-method> <!-- testValidTwilioResponse -->
        <test-method status="PASS" signature="testValidTwilioResponse(java.net.URL)[pri:0, instance:org.dellroad.jibxbindings.twilio.restapi.RestAPIParseTest@5e46167f]" name="testValidTwilioResponse" duration-ms="4" started-at="2014-11-05T10:31:02Z" data-provider="validTwilioResponses" finished-at="2014-11-05T10:31:02Z">
          <params>
            <param index="0">
              <value>
                <![CDATA[file:/Users/archie/proj/jibx-bindings/trunk/build/test/org/dellroad/jibxbindings/twilio/restapi/conference-0.xml]]>
              </value>
            </param>
          </params>
          <reporter-output>
          </reporter-output>
        </test-method> <!-- testValidTwilioResponse -->
        <test-method status="PASS" signature="testValidTwilioResponse(java.net.URL)[pri:0, instance:org.dellroad.jibxbindings.twilio.restapi.RestAPIParseTest@5e46167f]" name="testValidTwilioResponse" duration-ms="4" started-at="2014-11-05T10:31:02Z" data-provider="validTwilioResponses" finished-at="2014-11-05T10:31:02Z">
          <params>
            <param index="0">
              <value>
                <![CDATA[file:/Users/archie/proj/jibx-bindings/trunk/build/test/org/dellroad/jibxbindings/twilio/restapi/conferences-0.xml]]>
              </value>
            </param>
          </params>
          <reporter-output>
          </reporter-output>
        </test-method> <!-- testValidTwilioResponse -->
        <test-method status="PASS" signature="testValidTwilioResponse(java.net.URL)[pri:0, instance:org.dellroad.jibxbindings.twilio.restapi.RestAPIParseTest@5e46167f]" name="testValidTwilioResponse" duration-ms="5" started-at="2014-11-05T10:31:02Z" data-provider="validTwilioResponses" finished-at="2014-11-05T10:31:02Z">
          <params>
            <param index="0">
              <value>
                <![CDATA[file:/Users/archie/proj/jibx-bindings/trunk/build/test/org/dellroad/jibxbindings/twilio/restapi/incomingPhoneNumber-0.xml]]>
              </value>
            </param>
          </params>
          <reporter-output>
          </reporter-output>
        </test-method> <!-- testValidTwilioResponse -->
        <test-method status="PASS" signature="testValidTwilioResponse(java.net.URL)[pri:0, instance:org.dellroad.jibxbindings.twilio.restapi.RestAPIParseTest@5e46167f]" name="testValidTwilioResponse" duration-ms="5" started-at="2014-11-05T10:31:02Z" data-provider="validTwilioResponses" finished-at="2014-11-05T10:31:02Z">
          <params>
            <param index="0">
              <value>
                <![CDATA[file:/Users/archie/proj/jibx-bindings/trunk/build/test/org/dellroad/jibxbindings/twilio/restapi/incomingPhoneNumber-1.xml]]>
              </value>
            </param>
          </params>
          <reporter-output>
          </reporter-output>
        </test-method> <!-- testValidTwilioResponse -->
        <test-method status="PASS" signature="testValidTwilioResponse(java.net.URL)[pri:0, instance:org.dellroad.jibxbindings.twilio.restapi.RestAPIParseTest@5e46167f]" name="testValidTwilioResponse" duration-ms="3" started-at="2014-11-05T10:31:02Z" data-provider="validTwilioResponses" finished-at="2014-11-05T10:31:02Z">
          <params>
            <param index="0">
              <value>
                <![CDATA[file:/Users/archie/proj/jibx-bindings/trunk/build/test/org/dellroad/jibxbindings/twilio/restapi/incomingPhoneNumber-2.xml]]>
              </value>
            </param>
          </params>
          <reporter-output>
          </reporter-output>
        </test-method> <!-- testValidTwilioResponse -->
        <test-method status="PASS" signature="testValidTwilioResponse(java.net.URL)[pri:0, instance:org.dellroad.jibxbindings.twilio.restapi.RestAPIParseTest@5e46167f]" name="testValidTwilioResponse" duration-ms="3" started-at="2014-11-05T10:31:02Z" data-provider="validTwilioResponses" finished-at="2014-11-05T10:31:02Z">
          <params>
            <param index="0">
              <value>
                <![CDATA[file:/Users/archie/proj/jibx-bindings/trunk/build/test/org/dellroad/jibxbindings/twilio/restapi/incomingPhoneNumber-3.xml]]>
              </value>
            </param>
          </params>
          <reporter-output>
          </reporter-output>
        </test-method> <!-- testValidTwilioResponse -->
        <test-method status="PASS" signature="testValidTwilioResponse(java.net.URL)[pri:0, instance:org.dellroad.jibxbindings.twilio.restapi.RestAPIParseTest@5e46167f]" name="testValidTwilioResponse" duration-ms="3" started-at="2014-11-05T10:31:02Z" data-provider="validTwilioResponses" finished-at="2014-11-05T10:31:02Z">
          <params>
            <param index="0">
              <value>
                <![CDATA[file:/Users/archie/proj/jibx-bindings/trunk/build/test/org/dellroad/jibxbindings/twilio/restapi/incomingPhoneNumbers-0.xml]]>
              </value>
            </param>
          </params>
          <reporter-output>
          </reporter-output>
        </test-method> <!-- testValidTwilioResponse -->
        <test-method status="PASS" signature="testValidTwilioResponse(java.net.URL)[pri:0, instance:org.dellroad.jibxbindings.twilio.restapi.RestAPIParseTest@5e46167f]" name="testValidTwilioResponse" duration-ms="4" started-at="2014-11-05T10:31:02Z" data-provider="validTwilioResponses" finished-at="2014-11-05T10:31:02Z">
          <params>
            <param index="0">
              <value>
                <![CDATA[file:/Users/archie/proj/jibx-bindings/trunk/build/test/org/dellroad/jibxbindings/twilio/restapi/notification-0.xml]]>
              </value>
            </param>
          </params>
          <reporter-output>
          </reporter-output>
        </test-method> <!-- testValidTwilioResponse -->
        <test-method status="PASS" signature="testValidTwilioResponse(java.net.URL)[pri:0, instance:org.dellroad.jibxbindings.twilio.restapi.RestAPIParseTest@5e46167f]" name="testValidTwilioResponse" duration-ms="4" started-at="2014-11-05T10:31:02Z" data-provider="validTwilioResponses" finished-at="2014-11-05T10:31:02Z">
          <params>
            <param index="0">
              <value>
                <![CDATA[file:/Users/archie/proj/jibx-bindings/trunk/build/test/org/dellroad/jibxbindings/twilio/restapi/notifications-0.xml]]>
              </value>
            </param>
          </params>
          <reporter-output>
          </reporter-output>
        </test-method> <!-- testValidTwilioResponse -->
        <test-method status="PASS" signature="testValidTwilioResponse(java.net.URL)[pri:0, instance:org.dellroad.jibxbindings.twilio.restapi.RestAPIParseTest@5e46167f]" name="testValidTwilioResponse" duration-ms="2" started-at="2014-11-05T10:31:02Z" data-provider="validTwilioResponses" finished-at="2014-11-05T10:31:02Z">
          <params>
            <param index="0">
              <value>
                <![CDATA[file:/Users/archie/proj/jibx-bindings/trunk/build/test/org/dellroad/jibxbindings/twilio/restapi/outgoingCallerId-0.xml]]>
              </value>
            </param>
          </params>
          <reporter-output>
          </reporter-output>
        </test-method> <!-- testValidTwilioResponse -->
        <test-method status="PASS" signature="testValidTwilioResponse(java.net.URL)[pri:0, instance:org.dellroad.jibxbindings.twilio.restapi.RestAPIParseTest@5e46167f]" name="testValidTwilioResponse" duration-ms="3" started-at="2014-11-05T10:31:02Z" data-provider="validTwilioResponses" finished-at="2014-11-05T10:31:02Z">
          <params>
            <param index="0">
              <value>
                <![CDATA[file:/Users/archie/proj/jibx-bindings/trunk/build/test/org/dellroad/jibxbindings/twilio/restapi/outgoingCallerIds-0.xml]]>
              </value>
            </param>
          </params>
          <reporter-output>
          </reporter-output>
        </test-method> <!-- testValidTwilioResponse -->
        <test-method status="PASS" signature="testValidTwilioResponse(java.net.URL)[pri:0, instance:org.dellroad.jibxbindings.twilio.restapi.RestAPIParseTest@5e46167f]" name="testValidTwilioResponse" duration-ms="2" started-at="2014-11-05T10:31:02Z" data-provider="validTwilioResponses" finished-at="2014-11-05T10:31:02Z">
          <params>
            <param index="0">
              <value>
                <![CDATA[file:/Users/archie/proj/jibx-bindings/trunk/build/test/org/dellroad/jibxbindings/twilio/restapi/participant-0.xml]]>
              </value>
            </param>
          </params>
          <reporter-output>
          </reporter-output>
        </test-method> <!-- testValidTwilioResponse -->
        <test-method status="PASS" signature="testValidTwilioResponse(java.net.URL)[pri:0, instance:org.dellroad.jibxbindings.twilio.restapi.RestAPIParseTest@5e46167f]" name="testValidTwilioResponse" duration-ms="2" started-at="2014-11-05T10:31:02Z" data-provider="validTwilioResponses" finished-at="2014-11-05T10:31:02Z">
          <params>
            <param index="0">
              <value>
                <![CDATA[file:/Users/archie/proj/jibx-bindings/trunk/build/test/org/dellroad/jibxbindings/twilio/restapi/participant-1.xml]]>
              </value>
            </param>
          </params>
          <reporter-output>
          </reporter-output>
        </test-method> <!-- testValidTwilioResponse -->
        <test-method status="PASS" signature="testValidTwilioResponse(java.net.URL)[pri:0, instance:org.dellroad.jibxbindings.twilio.restapi.RestAPIParseTest@5e46167f]" name="testValidTwilioResponse" duration-ms="3" started-at="2014-11-05T10:31:02Z" data-provider="validTwilioResponses" finished-at="2014-11-05T10:31:02Z">
          <params>
            <param index="0">
              <value>
                <![CDATA[file:/Users/archie/proj/jibx-bindings/trunk/build/test/org/dellroad/jibxbindings/twilio/restapi/participants-0.xml]]>
              </value>
            </param>
          </params>
          <reporter-output>
          </reporter-output>
        </test-method> <!-- testValidTwilioResponse -->
        <test-method status="PASS" signature="testValidTwilioResponse(java.net.URL)[pri:0, instance:org.dellroad.jibxbindings.twilio.restapi.RestAPIParseTest@5e46167f]" name="testValidTwilioResponse" duration-ms="2" started-at="2014-11-05T10:31:02Z" data-provider="validTwilioResponses" finished-at="2014-11-05T10:31:02Z">
          <params>
            <param index="0">
              <value>
                <![CDATA[file:/Users/archie/proj/jibx-bindings/trunk/build/test/org/dellroad/jibxbindings/twilio/restapi/recording-0.xml]]>
              </value>
            </param>
          </params>
          <reporter-output>
          </reporter-output>
        </test-method> <!-- testValidTwilioResponse -->
        <test-method status="PASS" signature="testValidTwilioResponse(java.net.URL)[pri:0, instance:org.dellroad.jibxbindings.twilio.restapi.RestAPIParseTest@5e46167f]" name="testValidTwilioResponse" duration-ms="2" started-at="2014-11-05T10:31:02Z" data-provider="validTwilioResponses" finished-at="2014-11-05T10:31:02Z">
          <params>
            <param index="0">
              <value>
                <![CDATA[file:/Users/archie/proj/jibx-bindings/trunk/build/test/org/dellroad/jibxbindings/twilio/restapi/recordings-0.xml]]>
              </value>
            </param>
          </params>
          <reporter-output>
          </reporter-output>
        </test-method> <!-- testValidTwilioResponse -->
        <test-method status="PASS" signature="testValidTwilioResponse(java.net.URL)[pri:0, instance:org.dellroad.jibxbindings.twilio.restapi.RestAPIParseTest@5e46167f]" name="testValidTwilioResponse" duration-ms="0" started-at="2014-11-05T10:31:02Z" data-provider="validTwilioResponses" finished-at="2014-11-05T10:31:02Z">
          <params>
            <param index="0">
              <value>
                <![CDATA[file:/Users/archie/proj/jibx-bindings/trunk/build/test/org/dellroad/jibxbindings/twilio/restapi/restException-0.xml]]>
              </value>
            </param>
          </params>
          <reporter-output>
          </reporter-output>
        </test-method> <!-- testValidTwilioResponse -->
        <test-method status="PASS" signature="testValidTwilioResponse(java.net.URL)[pri:0, instance:org.dellroad.jibxbindings.twilio.restapi.RestAPIParseTest@5e46167f]" name="testValidTwilioResponse" duration-ms="4" started-at="2014-11-05T10:31:02Z" data-provider="validTwilioResponses" finished-at="2014-11-05T10:31:02Z">
          <params>
            <param index="0">
              <value>
                <![CDATA[file:/Users/archie/proj/jibx-bindings/trunk/build/test/org/dellroad/jibxbindings/twilio/restapi/smsMessage-0.xml]]>
              </value>
            </param>
          </params>
          <reporter-output>
          </reporter-output>
        </test-method> <!-- testValidTwilioResponse -->
        <test-method status="PASS" signature="testValidTwilioResponse(java.net.URL)[pri:0, instance:org.dellroad.jibxbindings.twilio.restapi.RestAPIParseTest@5e46167f]" name="testValidTwilioResponse" duration-ms="0" started-at="2014-11-05T10:31:02Z" data-provider="validTwilioResponses" finished-at="2014-11-05T10:31:02Z">
          <params>
            <param index="0">
              <value>
                <![CDATA[file:/Users/archie/proj/jibx-bindings/trunk/build/test/org/dellroad/jibxbindings/twilio/restapi/restException-1.xml]]>
              </value>
            </param>
          </params>
          <reporter-output>
          </reporter-output>
        </test-method> <!-- testValidTwilioResponse -->
        <test-method status="PASS" signature="testValidTwilioResponse(java.net.URL)[pri:0, instance:org.dellroad.jibxbindings.twilio.restapi.RestAPIParseTest@5e46167f]" name="testValidTwilioResponse" duration-ms="2" started-at="2014-11-05T10:31:02Z" data-provider="validTwilioResponses" finished-at="2014-11-05T10:31:02Z">
          <params>
            <param index="0">
              <value>
                <![CDATA[file:/Users/archie/proj/jibx-bindings/trunk/build/test/org/dellroad/jibxbindings/twilio/restapi/smsMessage-1.xml]]>
              </value>
            </param>
          </params>
          <reporter-output>
          </reporter-output>
        </test-method> <!-- testValidTwilioResponse -->
        <test-method status="PASS" signature="testValidTwilioResponse(java.net.URL)[pri:0, instance:org.dellroad.jibxbindings.twilio.restapi.RestAPIParseTest@5e46167f]" name="testValidTwilioResponse" duration-ms="3" started-at="2014-11-05T10:31:02Z" data-provider="validTwilioResponses" finished-at="2014-11-05T10:31:02Z">
          <params>
            <param index="0">
              <value>
                <![CDATA[file:/Users/archie/proj/jibx-bindings/trunk/build/test/org/dellroad/jibxbindings/twilio/restapi/smsMessages-0.xml]]>
              </value>
            </param>
          </params>
          <reporter-output>
          </reporter-output>
        </test-method> <!-- testValidTwilioResponse -->
        <test-method status="PASS" signature="testValidTwilioResponse(java.net.URL)[pri:0, instance:org.dellroad.jibxbindings.twilio.restapi.RestAPIParseTest@5e46167f]" name="testValidTwilioResponse" duration-ms="3" started-at="2014-11-05T10:31:02Z" data-provider="validTwilioResponses" finished-at="2014-11-05T10:31:02Z">
          <params>
            <param index="0">
              <value>
                <![CDATA[file:/Users/archie/proj/jibx-bindings/trunk/build/test/org/dellroad/jibxbindings/twilio/restapi/transcription-0.xml]]>
              </value>
            </param>
          </params>
          <reporter-output>
          </reporter-output>
        </test-method> <!-- testValidTwilioResponse -->
        <test-method status="PASS" signature="testValidTwilioResponse(java.net.URL)[pri:0, instance:org.dellroad.jibxbindings.twilio.restapi.RestAPIParseTest@5e46167f]" name="testValidTwilioResponse" duration-ms="3" started-at="2014-11-05T10:31:02Z" data-provider="validTwilioResponses" finished-at="2014-11-05T10:31:02Z">
          <params>
            <param index="0">
              <value>
                <![CDATA[file:/Users/archie/proj/jibx-bindings/trunk/build/test/org/dellroad/jibxbindings/twilio/restapi/transcriptions-0.xml]]>
              </value>
            </param>
          </params>
          <reporter-output>
          </reporter-output>
        </test-method> <!-- testValidTwilioResponse -->
        <test-method status="PASS" signature="testValidTwilioResponse(java.net.URL)[pri:0, instance:org.dellroad.jibxbindings.twilio.restapi.RestAPIParseTest@5e46167f]" name="testValidTwilioResponse" duration-ms="4" started-at="2014-11-05T10:31:02Z" data-provider="validTwilioResponses" finished-at="2014-11-05T10:31:02Z">
          <params>
            <param index="0">
              <value>
                <![CDATA[file:/Users/archie/proj/jibx-bindings/trunk/build/test/org/dellroad/jibxbindings/twilio/restapi/twilioSandbox-0.xml]]>
              </value>
            </param>
          </params>
          <reporter-output>
          </reporter-output>
        </test-method> <!-- testValidTwilioResponse -->
        <test-method status="PASS" signature="testValidTwilioResponse(java.net.URL)[pri:0, instance:org.dellroad.jibxbindings.twilio.restapi.RestAPIParseTest@5e46167f]" name="testValidTwilioResponse" duration-ms="3" started-at="2014-11-05T10:31:02Z" data-provider="validTwilioResponses" finished-at="2014-11-05T10:31:02Z">
          <params>
            <param index="0">
              <value>
                <![CDATA[file:/Users/archie/proj/jibx-bindings/trunk/build/test/org/dellroad/jibxbindings/twilio/restapi/twilioSandbox-1.xml]]>
              </value>
            </param>
          </params>
          <reporter-output>
          </reporter-output>
        </test-method> <!-- testValidTwilioResponse -->
        <test-method status="PASS" signature="testValidTwilioResponse(java.net.URL)[pri:0, instance:org.dellroad.jibxbindings.twilio.restapi.RestAPIParseTest@5e46167f]" name="testValidTwilioResponse" duration-ms="1" started-at="2014-11-05T10:31:02Z" data-provider="validTwilioResponses" finished-at="2014-11-05T10:31:02Z">
          <params>
            <param index="0">
              <value>
                <![CDATA[file:/Users/archie/proj/jibx-bindings/trunk/build/test/org/dellroad/jibxbindings/twilio/restapi/validationRequest-0.xml]]>
              </value>
            </param>
          </params>
          <reporter-output>
          </reporter-output>
        </test-method> <!-- testValidTwilioResponse -->
      </class> <!-- org.dellroad.jibxbindings.twilio.restapi.RestAPIParseTest -->
      <class name="org.dellroad.jibxbindings.pidf.lo.ecd.ECDParseTest">
        <test-method status="PASS" signature="seedRandom(java.lang.String)[pri:0, instance:org.dellroad.jibxbindings.pidf.lo.ecd.ECDParseTest@5133066c]" name="seedRandom" is-config="true" duration-ms="0" started-at="2014-11-05T10:31:01Z" finished-at="2014-11-05T10:31:01Z">
          <params>
            <param index="0">
              <value>
                <![CDATA[]]>
              </value>
            </param>
          </params>
          <reporter-output>
          </reporter-output>
        </test-method> <!-- seedRandom -->
        <test-method status="PASS" signature="setupLogging(java.lang.String, java.lang.String)[pri:0, instance:org.dellroad.jibxbindings.pidf.lo.ecd.ECDParseTest@5133066c]" name="setupLogging" is-config="true" duration-ms="0" started-at="2014-11-05T10:31:01Z" finished-at="2014-11-05T10:31:01Z">
          <params>
            <param index="0">
              <value>
                <![CDATA[INFO]]>
              </value>
            </param>
            <param index="1">
              <value>
                <![CDATA[%-5p [%t]: %m%n]]>
              </value>
            </param>
          </params>
          <reporter-output>
          </reporter-output>
        </test-method> <!-- setupLogging -->
        <test-method status="PASS" signature="testValid(java.net.URL)[pri:0, instance:org.dellroad.jibxbindings.pidf.lo.ecd.ECDParseTest@5133066c]" name="testValid" duration-ms="105" started-at="2014-11-05T10:31:01Z" data-provider="validCases" finished-at="2014-11-05T10:31:01Z">
          <params>
            <param index="0">
              <value>
                <![CDATA[file:/Users/archie/proj/jibx-bindings/trunk/build/test/org/dellroad/jibxbindings/pidf/lo/ecd/ecd-valid-0.xml]]>
              </value>
            </param>
          </params>
          <reporter-output>
          </reporter-output>
        </test-method> <!-- testValid -->
        <test-method status="PASS" signature="testValid(java.net.URL)[pri:0, instance:org.dellroad.jibxbindings.pidf.lo.ecd.ECDParseTest@5133066c]" name="testValid" duration-ms="41" started-at="2014-11-05T10:31:01Z" data-provider="validCases" finished-at="2014-11-05T10:31:01Z">
          <params>
            <param index="0">
              <value>
                <![CDATA[file:/Users/archie/proj/jibx-bindings/trunk/build/test/org/dellroad/jibxbindings/pidf/lo/ecd/ecd-valid-1.xml]]>
              </value>
            </param>
          </params>
          <reporter-output>
          </reporter-output>
        </test-method> <!-- testValid -->
        <test-method status="PASS" signature="testValid(java.net.URL)[pri:0, instance:org.dellroad.jibxbindings.pidf.lo.ecd.ECDParseTest@5133066c]" name="testValid" duration-ms="4" started-at="2014-11-05T10:31:01Z" data-provider="validCases" finished-at="2014-11-05T10:31:01Z">
          <params>
            <param index="0">
              <value>
                <![CDATA[file:/Users/archie/proj/jibx-bindings/trunk/build/test/org/dellroad/jibxbindings/pidf/lo/ecd/ecd-valid-2.xml]]>
              </value>
            </param>
          </params>
          <reporter-output>
          </reporter-output>
        </test-method> <!-- testValid -->
        <test-method status="PASS" signature="testValid(java.net.URL)[pri:0, instance:org.dellroad.jibxbindings.pidf.lo.ecd.ECDParseTest@5133066c]" name="testValid" duration-ms="5" started-at="2014-11-05T10:31:01Z" data-provider="validCases" finished-at="2014-11-05T10:31:01Z">
          <params>
            <param index="0">
              <value>
                <![CDATA[file:/Users/archie/proj/jibx-bindings/trunk/build/test/org/dellroad/jibxbindings/pidf/lo/ecd/ecd-valid-3.xml]]>
              </value>
            </param>
          </params>
          <reporter-output>
          </reporter-output>
        </test-method> <!-- testValid -->
        <test-method status="PASS" signature="testValid(java.net.URL)[pri:0, instance:org.dellroad.jibxbindings.pidf.lo.ecd.ECDParseTest@5133066c]" name="testValid" duration-ms="29" started-at="2014-11-05T10:31:01Z" data-provider="validCases" finished-at="2014-11-05T10:31:01Z">
          <params>
            <param index="0">
              <value>
                <![CDATA[file:/Users/archie/proj/jibx-bindings/trunk/build/test/org/dellroad/jibxbindings/pidf/lo/ecd/ecd-valid-4.xml]]>
              </value>
            </param>
          </params>
          <reporter-output>
          </reporter-output>
        </test-method> <!-- testValid -->
        <test-method status="PASS" signature="testValid(java.net.URL)[pri:0, instance:org.dellroad.jibxbindings.pidf.lo.ecd.ECDParseTest@5133066c]" name="testValid" duration-ms="4" started-at="2014-11-05T10:31:01Z" data-provider="validCases" finished-at="2014-11-05T10:31:01Z">
          <params>
            <param index="0">
              <value>
                <![CDATA[file:/Users/archie/proj/jibx-bindings/trunk/build/test/org/dellroad/jibxbindings/pidf/lo/ecd/ecd-valid-5.xml]]>
              </value>
            </param>
          </params>
          <reporter-output>
          </reporter-output>
        </test-method> <!-- testValid -->
        <test-method status="PASS" signature="testValid(java.net.URL)[pri:0, instance:org.dellroad.jibxbindings.pidf.lo.ecd.ECDParseTest@5133066c]" name="testValid" duration-ms="3" started-at="2014-11-05T10:31:01Z" data-provider="validCases" finished-at="2014-11-05T10:31:01Z">
          <params>
            <param index="0">
              <value>
                <![CDATA[file:/Users/archie/proj/jibx-bindings/trunk/build/test/org/dellroad/jibxbindings/pidf/lo/ecd/ecd-valid-6.xml]]>
              </value>
            </param>
          </params>
          <reporter-output>
          </reporter-output>
        </test-method> <!-- testValid -->
        <test-method status="PASS" signature="testValid(java.net.URL)[pri:0, instance:org.dellroad.jibxbindings.pidf.lo.ecd.ECDParseTest@5133066c]" name="testValid" duration-ms="7" started-at="2014-11-05T10:31:01Z" data-provider="validCases" finished-at="2014-11-05T10:31:01Z">
          <params>
            <param index="0">
              <value>
                <![CDATA[file:/Users/archie/proj/jibx-bindings/trunk/build/test/org/dellroad/jibxbindings/pidf/lo/ecd/ecd-valid-7.xml]]>
              </value>
            </param>
          </params>
          <reporter-output>
          </reporter-output>
        </test-method> <!-- testValid -->
        <test-method status="PASS" signature="testValid(java.net.URL)[pri:0, instance:org.dellroad.jibxbindings.pidf.lo.ecd.ECDParseTest@5133066c]" name="testValid" duration-ms="6" started-at="2014-11-05T10:31:01Z" data-provider="validCases" finished-at="2014-11-05T10:31:01Z">
          <params>
            <param index="0">
              <value>
                <![CDATA[file:/Users/archie/proj/jibx-bindings/trunk/build/test/org/dellroad/jibxbindings/pidf/lo/ecd/ecd-valid-8.xml]]>
              </value>
            </param>
          </params>
          <reporter-output>
          </reporter-output>
        </test-method> <!-- testValid -->
        <test-method status="PASS" signature="testValid(java.net.URL)[pri:0, instance:org.dellroad.jibxbindings.pidf.lo.ecd.ECDParseTest@5133066c]" name="testValid" duration-ms="6" started-at="2014-11-05T10:31:01Z" data-provider="validCases" finished-at="2014-11-05T10:31:02Z">
          <params>
            <param index="0">
              <value>
                <![CDATA[file:/Users/archie/proj/jibx-bindings/trunk/build/test/org/dellroad/jibxbindings/pidf/lo/ecd/ecd-valid-9.xml]]>
              </value>
            </param>
          </params>
          <reporter-output>
          </reporter-output>
        </test-method> <!-- testValid -->
      </class> <!-- org.dellroad.jibxbindings.pidf.lo.ecd.ECDParseTest -->
      <class name="org.dellroad.jibxbindings.twilio.twiml.TwiMLParseTest">
        <test-method status="PASS" signature="seedRandom(java.lang.String)[pri:0, instance:org.dellroad.jibxbindings.twilio.twiml.TwiMLParseTest@13e3cf1f]" name="seedRandom" is-config="true" duration-ms="0" started-at="2014-11-05T10:31:02Z" finished-at="2014-11-05T10:31:02Z">
          <params>
            <param index="0">
              <value>
                <![CDATA[]]>
              </value>
            </param>
          </params>
          <reporter-output>
          </reporter-output>
        </test-method> <!-- seedRandom -->
        <test-method status="PASS" signature="setupLogging(java.lang.String, java.lang.String)[pri:0, instance:org.dellroad.jibxbindings.twilio.twiml.TwiMLParseTest@13e3cf1f]" name="setupLogging" is-config="true" duration-ms="0" started-at="2014-11-05T10:31:02Z" finished-at="2014-11-05T10:31:02Z">
          <params>
            <param index="0">
              <value>
                <![CDATA[INFO]]>
              </value>
            </param>
            <param index="1">
              <value>
                <![CDATA[%-5p [%t]: %m%n]]>
              </value>
            </param>
          </params>
          <reporter-output>
          </reporter-output>
        </test-method> <!-- setupLogging -->
        <test-method status="PASS" signature="testValidResponse(java.net.URL)[pri:0, instance:org.dellroad.jibxbindings.twilio.twiml.TwiMLParseTest@13e3cf1f]" name="testValidResponse" duration-ms="3" started-at="2014-11-05T10:31:02Z" data-provider="validResponses" finished-at="2014-11-05T10:31:02Z">
          <params>
            <param index="0">
              <value>
                <![CDATA[file:/Users/archie/proj/jibx-bindings/trunk/build/test/org/dellroad/jibxbindings/twilio/twiml/response-0.xml]]>
              </value>
            </param>
          </params>
          <reporter-output>
          </reporter-output>
        </test-method> <!-- testValidResponse -->
        <test-method status="PASS" signature="testValidResponse(java.net.URL)[pri:0, instance:org.dellroad.jibxbindings.twilio.twiml.TwiMLParseTest@13e3cf1f]" name="testValidResponse" duration-ms="1" started-at="2014-11-05T10:31:02Z" data-provider="validResponses" finished-at="2014-11-05T10:31:02Z">
          <params>
            <param index="0">
              <value>
                <![CDATA[file:/Users/archie/proj/jibx-bindings/trunk/build/test/org/dellroad/jibxbindings/twilio/twiml/response-1.xml]]>
              </value>
            </param>
          </params>
          <reporter-output>
          </reporter-output>
        </test-method> <!-- testValidResponse -->
        <test-method status="PASS" signature="testValidResponse(java.net.URL)[pri:0, instance:org.dellroad.jibxbindings.twilio.twiml.TwiMLParseTest@13e3cf1f]" name="testValidResponse" duration-ms="1" started-at="2014-11-05T10:31:02Z" data-provider="validResponses" finished-at="2014-11-05T10:31:02Z">
          <params>
            <param index="0">
              <value>
                <![CDATA[file:/Users/archie/proj/jibx-bindings/trunk/build/test/org/dellroad/jibxbindings/twilio/twiml/response-2.xml]]>
              </value>
            </param>
          </params>
          <reporter-output>
          </reporter-output>
        </test-method> <!-- testValidResponse -->
        <test-method status="PASS" signature="testValidResponse(java.net.URL)[pri:0, instance:org.dellroad.jibxbindings.twilio.twiml.TwiMLParseTest@13e3cf1f]" name="testValidResponse" duration-ms="3" started-at="2014-11-05T10:31:02Z" data-provider="validResponses" finished-at="2014-11-05T10:31:02Z">
          <params>
            <param index="0">
              <value>
                <![CDATA[file:/Users/archie/proj/jibx-bindings/trunk/build/test/org/dellroad/jibxbindings/twilio/twiml/response-3.xml]]>
              </value>
            </param>
          </params>
          <reporter-output>
          </reporter-output>
        </test-method> <!-- testValidResponse -->
        <test-method status="PASS" signature="testValidResponse(java.net.URL)[pri:0, instance:org.dellroad.jibxbindings.twilio.twiml.TwiMLParseTest@13e3cf1f]" name="testValidResponse" duration-ms="1" started-at="2014-11-05T10:31:02Z" data-provider="validResponses" finished-at="2014-11-05T10:31:02Z">
          <params>
            <param index="0">
              <value>
                <![CDATA[file:/Users/archie/proj/jibx-bindings/trunk/build/test/org/dellroad/jibxbindings/twilio/twiml/response-4.xml]]>
              </value>
            </param>
          </params>
          <reporter-output>
          </reporter-output>
        </test-method> <!-- testValidResponse -->
        <test-method status="PASS" signature="testValidResponse(java.net.URL)[pri:0, instance:org.dellroad.jibxbindings.twilio.twiml.TwiMLParseTest@13e3cf1f]" name="testValidResponse" duration-ms="1" started-at="2014-11-05T10:31:02Z" data-provider="validResponses" finished-at="2014-11-05T10:31:02Z">
          <params>
            <param index="0">
              <value>
                <![CDATA[file:/Users/archie/proj/jibx-bindings/trunk/build/test/org/dellroad/jibxbindings/twilio/twiml/response-5.xml]]>
              </value>
            </param>
          </params>
          <reporter-output>
          </reporter-output>
        </test-method> <!-- testValidResponse -->
        <test-method status="PASS" signature="testValidResponse(java.net.URL)[pri:0, instance:org.dellroad.jibxbindings.twilio.twiml.TwiMLParseTest@13e3cf1f]" name="testValidResponse" duration-ms="2" started-at="2014-11-05T10:31:02Z" data-provider="validResponses" finished-at="2014-11-05T10:31:02Z">
          <params>
            <param index="0">
              <value>
                <![CDATA[file:/Users/archie/proj/jibx-bindings/trunk/build/test/org/dellroad/jibxbindings/twilio/twiml/response-6.xml]]>
              </value>
            </param>
          </params>
          <reporter-output>
          </reporter-output>
        </test-method> <!-- testValidResponse -->
        <test-method status="PASS" signature="testValidResponse(java.net.URL)[pri:0, instance:org.dellroad.jibxbindings.twilio.twiml.TwiMLParseTest@13e3cf1f]" name="testValidResponse" duration-ms="1" started-at="2014-11-05T10:31:02Z" data-provider="validResponses" finished-at="2014-11-05T10:31:02Z">
          <params>
            <param index="0">
              <value>
                <![CDATA[file:/Users/archie/proj/jibx-bindings/trunk/build/test/org/dellroad/jibxbindings/twilio/twiml/response-7.xml]]>
              </value>
            </param>
          </params>
          <reporter-output>
          </reporter-output>
        </test-method> <!-- testValidResponse -->
        <test-method status="PASS" signature="testValidResponse(java.net.URL)[pri:0, instance:org.dellroad.jibxbindings.twilio.twiml.TwiMLParseTest@13e3cf1f]" name="testValidResponse" duration-ms="2" started-at="2014-11-05T10:31:02Z" data-provider="validResponses" finished-at="2014-11-05T10:31:02Z">
          <params>
            <param index="0">
              <value>
                <![CDATA[file:/Users/archie/proj/jibx-bindings/trunk/build/test/org/dellroad/jibxbindings/twilio/twiml/response-8.xml]]>
              </value>
            </param>
          </params>
          <reporter-output>
          </reporter-output>
        </test-method> <!-- testValidResponse -->
        <test-method status="PASS" signature="testValidResponse(java.net.URL)[pri:0, instance:org.dellroad.jibxbindings.twilio.twiml.TwiMLParseTest@13e3cf1f]" name="testValidResponse" duration-ms="1" started-at="2014-11-05T10:31:02Z" data-provider="validResponses" finished-at="2014-11-05T10:31:02Z">
          <params>
            <param index="0">
              <value>
                <![CDATA[file:/Users/archie/proj/jibx-bindings/trunk/build/test/org/dellroad/jibxbindings/twilio/twiml/response-9.xml]]>
              </value>
            </param>
          </params>
          <reporter-output>
          </reporter-output>
        </test-method> <!-- testValidResponse -->
      </class> <!-- org.dellroad.jibxbindings.twilio.twiml.TwiMLParseTest -->
    </test> <!-- JiBX Bindings Tests -->
  </suite> <!-- Unit Test Suite -->
</testng-results>
